2024-01-05T17:42:39.771+02:00  INFO 16549 --- [main] .s.d.r.c.RepositoryConfigurationDelegate : Bootstrapping Spring Data JPA repositories in DEFAULT mode.
2024-01-05T17:42:39.809+02:00  INFO 16549 --- [main] .s.d.r.c.RepositoryConfigurationDelegate : Finished Spring Data repository scanning in 33 ms. Found 5 JPA repository interfaces.
2024-01-05T17:42:40.058+02:00  INFO 16549 --- [main] o.s.b.w.embedded.tomcat.TomcatWebServer  : Tomcat initialized with port(s): 8080 (http)
2024-01-05T17:42:40.064+02:00  INFO 16549 --- [main] o.apache.catalina.core.StandardService   : Starting service [Tomcat]
2024-01-05T17:42:40.064+02:00  INFO 16549 --- [main] o.apache.catalina.core.StandardEngine    : Starting Servlet engine: [Apache Tomcat/10.1.15]
2024-01-05T17:42:40.117+02:00  INFO 16549 --- [main] o.a.c.c.C.[Tomcat].[localhost].[/api]    : Initializing Spring embedded WebApplicationContext
2024-01-05T17:42:40.117+02:00  INFO 16549 --- [main] w.s.c.ServletWebServerApplicationContext : Root WebApplicationContext: initialization completed in 706 ms
2024-01-05T17:42:40.183+02:00  INFO 16549 --- [main] com.zaxxer.hikari.HikariDataSource       : HikariPool-1 - Starting...
2024-01-05T17:42:40.360+02:00  INFO 16549 --- [main] com.zaxxer.hikari.pool.HikariPool        : HikariPool-1 - Added connection com.mysql.cj.jdbc.ConnectionImpl@30b3d899
2024-01-05T17:42:40.361+02:00  INFO 16549 --- [main] com.zaxxer.hikari.HikariDataSource       : HikariPool-1 - Start completed.
2024-01-05T17:42:41.272+02:00  INFO 16549 --- [main] liquibase.changelog                      : Reading from `s-tet`.DATABASECHANGELOG
2024-01-05T17:42:41.456+02:00  INFO 16549 --- [main] o.hibernate.jpa.internal.util.LogHelper  : HHH000204: Processing PersistenceUnitInfo [name: default]
2024-01-05T17:42:41.486+02:00  INFO 16549 --- [main] org.hibernate.Version                    : HHH000412: Hibernate ORM core version 6.2.13.Final
2024-01-05T17:42:41.487+02:00  INFO 16549 --- [main] org.hibernate.cfg.Environment            : HHH000406: Using bytecode reflection optimizer
2024-01-05T17:42:41.640+02:00  INFO 16549 --- [main] o.s.o.j.p.SpringPersistenceUnitInfo      : No LoadTimeWeaver setup: ignoring JPA class transformer
2024-01-05T17:42:42.137+02:00  INFO 16549 --- [main] o.h.e.t.j.p.i.JtaPlatformInitiator       : HHH000489: No JTA platform available (set 'hibernate.transaction.jta.platform' to enable JTA platform integration)
2024-01-05T17:42:42.164+02:00  INFO 16549 --- [main] j.LocalContainerEntityManagerFactoryBean : Initialized JPA EntityManagerFactory for persistence unit 'default'
2024-01-05T17:42:42.285+02:00  INFO 16549 --- [main] o.s.d.j.r.query.QueryEnhancerFactory     : Hibernate is in classpath; If applicable, HQL parser will be used.
2024-01-05T17:42:42.599+02:00  WARN 16549 --- [main] JpaBaseConfiguration$JpaWebConfiguration : spring.jpa.open-in-view is enabled by default. Therefore, database queries may be performed during view rendering. Explicitly configure spring.jpa.open-in-view to disable this warning
2024-01-05T17:42:42.722+02:00  WARN 16549 --- [main] ion$DefaultTemplateResolverConfiguration : Cannot find template location: classpath:/templates/ (please add some templates, check your Thymeleaf configuration, or set spring.thymeleaf.check-template-location=false)
2024-01-05T17:42:42.795+02:00  INFO 16549 --- [main] o.s.b.w.embedded.tomcat.TomcatWebServer  : Tomcat started on port(s): 8080 (http) with context path '/api'
2024-01-05T17:42:42.800+02:00  INFO 16549 --- [main] com.example.backend.BackendApplication   : Started BackendApplication in 3.594 seconds (process running for 3.975)
2024-01-05T17:42:42.806+02:00  INFO 16549 --- [SpringApplicationShutdownHook] j.LocalContainerEntityManagerFactoryBean : Closing JPA EntityManagerFactory for persistence unit 'default'
2024-01-05T17:42:42.808+02:00  INFO 16549 --- [SpringApplicationShutdownHook] com.zaxxer.hikari.HikariDataSource       : HikariPool-1 - Shutdown initiated...
2024-01-05T17:42:42.811+02:00  INFO 16549 --- [SpringApplicationShutdownHook] com.zaxxer.hikari.HikariDataSource       : HikariPool-1 - Shutdown completed.
