2023-12-08T13:10:08.334+02:00  INFO 5552 --- [main] c.e.backend.BackendApplicationTests      : Starting BackendApplicationTests using Java 19.0.2 with PID 5552 (started by mihailokuryk in /Users/mihailokuryk/Documents/Mate-HomeWork/s-tet-new/backend)
2023-12-08T13:10:08.334+02:00  INFO 5552 --- [main] c.e.backend.BackendApplicationTests      : No active profile set, falling back to 1 default profile: "default"
2023-12-08T13:10:08.697+02:00  INFO 5552 --- [main] .s.d.r.c.RepositoryConfigurationDelegate : Bootstrapping Spring Data JPA repositories in DEFAULT mode.
2023-12-08T13:10:08.733+02:00  INFO 5552 --- [main] .s.d.r.c.RepositoryConfigurationDelegate : Finished Spring Data repository scanning in 31 ms. Found 5 JPA repository interfaces.
2023-12-08T13:10:08.978+02:00  INFO 5552 --- [main] com.zaxxer.hikari.HikariDataSource       : HikariPool-1 - Starting...
2023-12-08T13:10:09.222+02:00  INFO 5552 --- [main] com.zaxxer.hikari.pool.HikariPool        : HikariPool-1 - Added connection com.mysql.cj.jdbc.ConnectionImpl@4837f97e
2023-12-08T13:10:09.224+02:00  INFO 5552 --- [main] com.zaxxer.hikari.HikariDataSource       : HikariPool-1 - Start completed.
2023-12-08T13:10:10.217+02:00  INFO 5552 --- [main] liquibase.changelog                      : Reading from `s-tet`.DATABASECHANGELOG
2023-12-08T13:10:10.302+02:00  INFO 5552 --- [main] liquibase.changelog                      : Reading from `s-tet`.DATABASECHANGELOG
2023-12-08T13:10:10.309+02:00  INFO 5552 --- [main] liquibase.util                           : UPDATE SUMMARY
2023-12-08T13:10:10.310+02:00  INFO 5552 --- [main] liquibase.util                           : Run:                          0
2023-12-08T13:10:10.310+02:00  INFO 5552 --- [main] liquibase.util                           : Previously run:              14
2023-12-08T13:10:10.310+02:00  INFO 5552 --- [main] liquibase.util                           : Filtered out:                 0
2023-12-08T13:10:10.310+02:00  INFO 5552 --- [main] liquibase.util                           : -------------------------------
2023-12-08T13:10:10.310+02:00  INFO 5552 --- [main] liquibase.util                           : Total change sets:           14

2023-12-08T13:10:10.311+02:00  INFO 5552 --- [main] liquibase.util                           : Update summary generated
2023-12-08T13:10:10.322+02:00  INFO 5552 --- [main] liquibase.lockservice                    : Successfully released change log lock
2023-12-08T13:10:10.323+02:00  INFO 5552 --- [main] liquibase.command                        : Command execution complete
2023-12-08T13:10:10.362+02:00  INFO 5552 --- [main] o.hibernate.jpa.internal.util.LogHelper  : HHH000204: Processing PersistenceUnitInfo [name: default]
2023-12-08T13:10:10.392+02:00  INFO 5552 --- [main] org.hibernate.Version                    : HHH000412: Hibernate ORM core version 6.2.13.Final
2023-12-08T13:10:10.393+02:00  INFO 5552 --- [main] org.hibernate.cfg.Environment            : HHH000406: Using bytecode reflection optimizer
2023-12-08T13:10:10.517+02:00  INFO 5552 --- [main] o.s.o.j.p.SpringPersistenceUnitInfo      : No LoadTimeWeaver setup: ignoring JPA class transformer
2023-12-08T13:10:11.023+02:00  INFO 5552 --- [main] o.h.e.t.j.p.i.JtaPlatformInitiator       : HHH000489: No JTA platform available (set 'hibernate.transaction.jta.platform' to enable JTA platform integration)
2023-12-08T13:10:11.044+02:00  INFO 5552 --- [main] j.LocalContainerEntityManagerFactoryBean : Initialized JPA EntityManagerFactory for persistence unit 'default'
2023-12-08T13:10:11.175+02:00  INFO 5552 --- [main] o.s.d.j.r.query.QueryEnhancerFactory     : Hibernate is in classpath; If applicable, HQL parser will be used.
2023-12-08T13:10:11.519+02:00  WARN 5552 --- [main] JpaBaseConfiguration$JpaWebConfiguration : spring.jpa.open-in-view is enabled by default. Therefore, database queries may be performed during view rendering. Explicitly configure spring.jpa.open-in-view to disable this warning
2023-12-08T13:10:11.662+02:00  WARN 5552 --- [main] ion$DefaultTemplateResolverConfiguration : Cannot find template location: classpath:/templates/ (please add some templates, check your Thymeleaf configuration, or set spring.thymeleaf.check-template-location=false)
2023-12-08T13:10:11.725+02:00  INFO 5552 --- [main] c.e.backend.BackendApplicationTests      : Started BackendApplicationTests in 3.514 seconds (process running for 3.918)
2023-12-08T13:10:12.085+02:00  INFO 5552 --- [SpringApplicationShutdownHook] j.LocalContainerEntityManagerFactoryBean : Closing JPA EntityManagerFactory for persistence unit 'default'
2023-12-08T13:10:12.089+02:00  INFO 5552 --- [SpringApplicationShutdownHook] com.zaxxer.hikari.HikariDataSource       : HikariPool-1 - Shutdown initiated...
2023-12-08T13:10:12.094+02:00  INFO 5552 --- [SpringApplicationShutdownHook] com.zaxxer.hikari.HikariDataSource       : HikariPool-1 - Shutdown completed.
